生成启动时间为 2016/11/29 16:10:21。
     1>项目“D:\yxdown\Micrium_Win32_OS2\Micrium\Software\Evalboards\Microsoft\Windows\OS2\Visual Studio\OS2.vcxproj”在节点 2 上(Build 个目标)。
     1>ClCompile:
         D:\迅雷下载\VC\bin\CL.exe /c /I..\ /I..\..\BSP /I..\..\BSP\CPU /I"..\..\..\..\..\uC-CPU" /I"..\..\..\..\..\uC-CPU\Win32\Visual Studio" /I"..\..\..\..\..\uC-LIB" /I"..\..\..\..\..\uCOS-II\Source" /I"..\..\..\..\..\uCOS-II\Ports\Win32\Visual Studio" /ZI /nologo /W3 /WX- /sdl- /Od /Oy- /D _MBCS /Gm /EHsc /RTC1 /MDd /GS /fp:precise /Zc:wchar_t /Zc:forScope /Zc:inline /Fo"Debug\\" /Fd"Debug\vc140.pdb" /Gd /TC /analyze- /errorReport:prompt ..\app.c
         app.c
     1>d:\yxdown\micrium_win32_os2\micrium\software\evalboards\microsoft\windows\os2\app.c(153): warning C4087: “OSTimeGet”: 用“void”参数列表声明
       Link:
         D:\迅雷下载\VC\bin\link.exe /ERRORREPORT:PROMPT /OUT:"D:\yxdown\Micrium_Win32_OS2\Micrium\Software\Evalboards\Microsoft\Windows\OS2\Visual Studio\Debug\OS2.exe" /INCREMENTAL /NOLOGO kernel32.lib user32.lib gdi32.lib winspool.lib comdlg32.lib advapi32.lib shell32.lib ole32.lib oleaut32.lib uuid.lib odbc32.lib odbccp32.lib /MANIFEST /MANIFESTUAC:"level='asInvoker' uiAccess='false'" /manifest:embed /Debug /PDB:"D:\yxdown\Micrium_Win32_OS2\Micrium\Software\Evalboards\Microsoft\Windows\OS2\Visual Studio\Debug\OS2.pdb" /TLBID:1 /DYNAMICBASE /NXCOMPAT /IMPLIB:"D:\yxdown\Micrium_Win32_OS2\Micrium\Software\Evalboards\Microsoft\Windows\OS2\Visual Studio\Debug\OS2.lib" /MACHINE:X86 Debug\cpu_core.obj
         Debug\cpu_c.obj
         Debug\lib_ascii.obj
         Debug\lib_math.obj
         Debug\lib_mem.obj
         Debug\lib_str.obj
         Debug\os_cpu_c.obj
         Debug\os_core.obj
         Debug\os_dbg_r.obj
         Debug\os_flag.obj
         Debug\os_mbox.obj
         Debug\os_mem.obj
         Debug\os_mutex.obj
         Debug\os_q.obj
         Debug\os_sem.obj
         Debug\os_task.obj
         Debug\os_time.obj
         Debug\os_tmr.obj
         Debug\bsp.obj
         Debug\cpu_bsp.obj
         Debug\app.obj
         Debug\app_hooks.obj
         OS2.vcxproj -> D:\yxdown\Micrium_Win32_OS2\Micrium\Software\Evalboards\Microsoft\Windows\OS2\Visual Studio\Debug\OS2.exe
     1>已完成生成项目“D:\yxdown\Micrium_Win32_OS2\Micrium\Software\Evalboards\Microsoft\Windows\OS2\Visual Studio\OS2.vcxproj”(Build 个目标)的操作。

已成功生成。

已用时间 00:00:01.41
